build/app/outputs/mapping/release/mapping.txt
# compiler: R8
# compiler_version: 8.2.47
# min_api: 23
# common_typos_disable
# {"id":"com.android.tools.r8.mapping","version":"2.2"}
# pg_map_id: e7b1990
# pg_map_hash: SHA-256 e7b1990efa59d32109b0494f507cd2c434c81fb8632adea0c1e642c5db90a227
com.example.ict_project.MainActivity -> com.example.ict_project.MainActivity:
# {"id":"sourceFile","fileName":"MainActivity.kt"}
...
androidx.appcompat.widget.ListPopupWindow$PopupScrollListener -> o.r0:
# {"id":"sourceFile","fileName":"ListPopupWindow.java"}
    androidx.appcompat.widget.ListPopupWindow this$0 -> a
      # {"id":"com.android.tools.r8.residualsignature","signature":"Lo/t0;"}
    1:1:void <init>(androidx.appcompat.widget.ListPopupWindow):0:0 -> <init>
      # {"id":"com.android.tools.r8.residualsignature","signature":"(Lo/t0;)V"}
    1:1:void onScroll(android.widget.AbsListView,int,int,int):0:0 -> onScroll
    6:7:boolean androidx.appcompat.widget.ListPopupWindow.isInputMethodNotNeeded():0:0 -> onScrollStateChanged
    6:7:void onScrollStateChanged(android.widget.AbsListView,int):0 -> onScrollStateChanged
      # {"id":"com.android.tools.r8.rewriteFrame","conditions":["throws(Ljava/lang/NullPointerException;)"],"actions":["removeInnerFrames(1)"]}
    8:15:boolean androidx.appcompat.widget.ListPopupWindow.isInputMethodNotNeeded():0:0 -> onScrollStateChanged
    8:15:void onScrollStateChanged(android.widget.AbsListView,int):0 -> onScrollStateChanged
    16:34:void onScrollStateChanged(android.widget.AbsListView,int):0:0 -> onScrollStateChanged
androidx.appcompat.widget.ListPopupWindow$PopupTouchInterceptor -> o.s0:
# {"id":"sourceFile","fileName":"ListPopupWindow.java"}
    androidx.appcompat.widget.ListPopupWindow this$0 -> a
      # {"id":"com.android.tools.r8.residualsignature","signature":"Lo/t0;"}
    1:1:void <init>(androidx.appcompat.widget.ListPopupWindow):0:0 -> <init>
      # {"id":"com.android.tools.r8.residualsignature","signature":"(Lo/t0;)V"}
    1:1:boolean onTouch(android.view.View,android.view.MotionEvent):0:0 -> onTouch
androidx.appcompat.widget.ListPopupWindow$ResizePopupRunnable -> R8$$REMOVED$$CLASS$$55:
# {"id":"sourceFile","fileName":"ListPopupWindow.java"}
androidx.appcompat.widget.MenuItemHoverListener -> o.u0:
# {"id":"sourceFile","fileName":"MenuItemHoverListener.java"}
    void onItemHoverExit(androidx.appcompat.view.menu.MenuBuilder,android.view.MenuItem) -> a
      # {"id":"com.android.tools.r8.residualsignature","signature":"(Ln/j;Landroid/view/MenuItem;)V"}
    void onItemHoverEnter(androidx.appcompat.view.menu.MenuBuilder,android.view.MenuItem) -> b
      # {"id":"com.android.tools.r8.residualsignature","signature":"(Ln/j;Ln/k;)V"}
androidx.appcompat.widget.MenuPopupWindow -> o.w0:
# {"id":"sourceFile","fileName":"MenuPopupWindow.java"}
    androidx.appcompat.widget.MenuItemHoverListener mHoverListener -> E
      # {"id":"com.android.tools.r8.residualsignature","signature":"Lo/u0;"}
    java.lang.reflect.Method sSetTouchModalMethod -> F
    1:1:void <clinit>():0:0 -> <clinit>
    1:1:void onItemHoverExit(androidx.appcompat.view.menu.MenuBuilder,android.view.MenuItem):0:0 -> a
      # {"id":"com.android.tools.r8.residualsignature","signature":"(Ln/j;Landroid/view/MenuItem;)V"}
    1:1:void onItemHoverEnter(androidx.appcompat.view.menu.MenuBuilder,android.view.MenuItem):0:0 -> b
      # {"id":"com.android.tools.r8.residualsignature","signature":"(Ln/j;Ln/k;)V"}