build/app/outputs/mapping/release/usage.txt
com.example.ict_project.R$color
com.example.ict_project.R$drawable
com.example.ict_project.R$mipmap
com.example.ict_project.R$string
com.example.ict_project.R$style
com.example.ict_project.R
...
android.support.customtabs.trusted.ITrustedWebActivityService$Default
android.support.customtabs.trusted.ITrustedWebActivityService$Stub$Proxy
android.support.customtabs.trusted.ITrustedWebActivityService$Stub
android.support.customtabs.trusted.ITrustedWebActivityService$_Parcel
android.support.customtabs.trusted.ITrustedWebActivityService
android.support.v4.app.INotificationSideChannel$Default
android.support.v4.app.INotificationSideChannel$Stub$Proxy
android.support.v4.app.INotificationSideChannel$Stub
android.support.v4.app.INotificationSideChannel$_Parcel
android.support.v4.app.INotificationSideChannel
android.support.v4.media.MediaBrowserCompat$CallbackHandler
android.support.v4.media.MediaBrowserCompat$ConnectionCallback$ConnectionCallbackInternal
android.support.v4.media.MediaBrowserCompat$ConnectionCallback$StubApi21
android.support.v4.media.MediaBrowserCompat$ConnectionCallback
android.support.v4.media.MediaBrowserCompat$CustomActionCallback:
    public void <init>()
android.support.v4.media.MediaBrowserCompat$CustomActionResultReceiver:
    void <init>(java.lang.String,android.os.Bundle,android.support.v4.media.MediaBrowserCompat$CustomActionCallback,android.os.Handler)
android.support.v4.media.MediaBrowserCompat$ItemCallback$StubApi23
android.support.v4.media.MediaBrowserCompat$ItemCallback:
    final java.lang.Object mItemCallbackObj
    public void <init>()
android.support.v4.media.MediaBrowserCompat$ItemReceiver:
    void <init>(java.lang.String,android.support.v4.media.MediaBrowserCompat$ItemCallback,android.os.Handler)
android.support.v4.media.MediaBrowserCompat$MediaBrowserImpl
android.support.v4.media.MediaBrowserCompat$MediaBrowserImplApi21$1
android.support.v4.media.MediaBrowserCompat$MediaBrowserImplApi21$2
android.support.v4.media.MediaBrowserCompat$MediaBrowserImplApi21$3
android.support.v4.media.MediaBrowserCompat$MediaBrowserImplApi21$4
android.support.v4.media.MediaBrowserCompat$MediaBrowserImplApi21$5
android.support.v4.media.MediaBrowserCompat$MediaBrowserImplApi21$6
android.support.v4.media.MediaBrowserCompat$MediaBrowserImplApi21$7
android.support.v4.media.MediaBrowserCompat$MediaBrowserImplApi21
android.support.v4.media.MediaBrowserCompat$MediaBrowserImplApi23
android.support.v4.media.MediaBrowserCompat$MediaBrowserImplApi26
android.support.v4.media.MediaBrowserCompat$MediaBrowserImplBase$1
android.support.v4.media.MediaBrowserCompat$MediaBrowserImplBase$2
android.support.v4.media.MediaBrowserCompat$MediaBrowserImplBase$3
android.support.v4.media.MediaBrowserCompat$MediaBrowserImplBase$4
android.support.v4.media.MediaBrowserCompat$MediaBrowserImplBase$5
android.support.v4.media.MediaBrowserCompat$MediaBrowserImplBase$6
android.support.v4.media.MediaBrowserCompat$MediaBrowserImplBase$MediaServiceConnection$1
android.support.v4.media.MediaBrowserCompat$MediaBrowserImplBase$MediaServiceConnection$2
android.support.v4.media.MediaBrowserCompat$MediaBrowserImplBase$MediaServiceConnection
android.support.v4.media.MediaBrowserCompat$MediaBrowserImplBase
android.support.v4.media.MediaBrowserCompat$MediaBrowserServiceCallbackImpl
android.support.v4.media.MediaBrowserCompat$MediaItem$Flags
android.support.v4.media.MediaBrowserCompat$MediaItem:
    public static final int FLAG_BROWSABLE
    public static final int FLAG_PLAYABLE
    public void <init>(android.support.v4.media.MediaDescriptionCompat,int)
    public static android.support.v4.media.MediaBrowserCompat$MediaItem fromMediaItem(java.lang.Object)
    public static java.util.List fromMediaItemList(java.util.List)
    public android.support.v4.media.MediaDescriptionCompat getDescription()
    public int getFlags()
    public java.lang.String getMediaId()
    public boolean isBrowsable()
    public boolean isPlayable()
android.support.v4.media.MediaBrowserCompat$SearchCallback:
    public void <init>()